#
# There is insufficient memory for the Java Runtime Environment to continue.
# Native memory allocation (malloc) failed to allocate 1123616 bytes for Chunk::new
# Possible reasons:
#   The system is out of physical RAM or swap space
#   The process is running with CompressedOops enabled, and the Java Heap may be blocking the growth of the native heap
# Possible solutions:
#   Reduce memory load on the system
#   Increase physical memory or swap space
#   Check if swap backing store is full
#   Decrease Java heap size (-Xmx/-Xms)
#   Decrease number of Java threads
#   Decrease Java thread stack sizes (-Xss)
#   Set larger code cache with -XX:ReservedCodeCacheSize=
#   JVM is running with Unscaled Compressed Oops mode in which the Java heap is
#     placed in the first 4GB address space. The Java Heap base address is the
#     maximum limit for the native heap growth. Please use -XX:HeapBaseMinAddress
#     to set the Java Heap base and to place the Java Heap above 4GB virtual address.
# This output file may be truncated or incomplete.
#
#  Out of Memory Error (allocation.cpp:389), pid=5468, tid=0x0000000000000bc4
#
# JRE version: OpenJDK Runtime Environment (8.0_242-b01) (build 1.8.0_242-release-1644-b01)
# Java VM: OpenJDK 64-Bit Server VM (25.242-b01 mixed mode windows-amd64 compressed oops)
# Failed to write core dump. Minidumps are not enabled by default on client versions of Windows
#

---------------  T H R E A D  ---------------

Current thread (0x000000001804e800):  JavaThread "C2 CompilerThread0" daemon [_thread_in_native, id=3012, stack(0x00000000199a0000,0x0000000019aa0000)]

Stack: [0x00000000199a0000,0x0000000019aa0000]
[error occurred during error reporting (printing stack bounds), id 0xc0000005]

Native frames: (J=compiled Java code, j=interpreted, Vv=VM code, C=native code)


Current CompileTask:
C2:1084118 16750 %     4       com.android.tools.r8.dex.n::a @ 312 (910 bytes)


---------------  P R O C E S S  ---------------

Java Threads: ( => current thread )
  0x0000000020a3f800 JavaThread "ForkJoinPool.commonPool-worker-3" daemon [_thread_blocked, id=1232, stack(0x000000002e100000,0x000000002e200000)]
  0x0000000020a38000 JavaThread "ForkJoinPool.commonPool-worker-2" daemon [_thread_in_native, id=2680, stack(0x000000002e000000,0x000000002e100000)]
  0x0000000020a3e000 JavaThread "Cache worker for Java compile cache (C:\Users\Administrator\AndroidStudioProjects\UItest\.gradle\6.5\javaCompile)" [_thread_blocked, id=9420, stack(0x000000002c5e0000,0x000000002c6e0000)]
  0x0000000020a3c800 JavaThread "Cache worker for Java compile cache (C:\Users\Administrator\.gradle\caches\6.5\javaCompile)" [_thread_blocked, id=8452, stack(0x000000002c2e0000,0x000000002c3e0000)]
  0x0000000020a3f000 JavaThread "WorkerExecutor Queue Thread 4" [_thread_blocked, id=11204, stack(0x000000002c1e0000,0x000000002c2e0000)]
  0x0000000020a3a800 JavaThread "WorkerExecutor Queue Thread 3" [_thread_blocked, id=3656, stack(0x000000002c0e0000,0x000000002c1e0000)]
  0x0000000020a33000 JavaThread "WorkerExecutor Queue Thread 2" [_thread_blocked, id=2484, stack(0x000000002bbe0000,0x000000002bce0000)]
  0x0000000020a37800 JavaThread "stdout" [_thread_in_native, id=4084, stack(0x000000002bae0000,0x000000002bbe0000)]
  0x0000000020a39800 JavaThread "stderr" [_thread_in_native, id=6996, stack(0x000000002b9e0000,0x000000002bae0000)]
  0x0000000020a36800 JavaThread "pool-10-thread-1" [_thread_blocked, id=240, stack(0x000000002b4e0000,0x000000002b5e0000)]
  0x0000000020a35000 JavaThread "WorkerExecutor Queue" [_thread_blocked, id=8124, stack(0x000000002b1e0000,0x000000002b2e0000)]
  0x0000000020a36000 JavaThread "Cache worker for execution history cache (C:\Users\Administrator\AndroidStudioProjects\UItest\.gradle\6.5\executionHistory)" [_thread_blocked, id=3908, stack(0x0000000029e50000,0x0000000029f50000)]
  0x0000000020a34800 JavaThread "Execution worker for ':' Thread 3" [_thread_blocked, id=5764, stack(0x0000000029b50000,0x0000000029c50000)]
  0x0000000020a32000 JavaThread "Execution worker for ':' Thread 2" [_thread_blocked, id=2060, stack(0x0000000028d50000,0x0000000028e50000)]
  0x0000000020a33800 JavaThread "Execution worker for ':'" [_thread_blocked, id=8404, stack(0x0000000028570000,0x0000000028670000)]
  0x0000000020a31800 JavaThread "Cache worker for file content cache (C:\Users\Administrator\AndroidStudioProjects\UItest\.gradle\6.5\fileContent)" [_thread_blocked, id=4256, stack(0x0000000028470000,0x0000000028570000)]
  0x000000001f56c000 JavaThread "Cache worker for Build Output Cleanup Cache (C:\Users\Administrator\AndroidStudioProjects\UItest\.gradle\buildOutputCleanup)" [_thread_blocked, id=1812, stack(0x0000000028370000,0x0000000028470000)]
  0x000000001f571800 JavaThread "jar transforms Thread 184" [_thread_blocked, id=9388, stack(0x0000000028270000,0x0000000028370000)]
  0x000000001f56d800 JavaThread "jar transforms Thread 183" [_thread_blocked, id=2872, stack(0x0000000028170000,0x0000000028270000)]
  0x000000001f570000 JavaThread "jar transforms Thread 182" [_thread_blocked, id=9868, stack(0x0000000028070000,0x0000000028170000)]
  0x000000001f570800 JavaThread "jar transforms Thread 181" [_thread_blocked, id=4348, stack(0x0000000027f70000,0x0000000028070000)]
  0x000000001f56f000 JavaThread "jar transforms Thread 180" [_thread_blocked, id=5844, stack(0x0000000027e70000,0x0000000027f70000)]
  0x000000001f56d000 JavaThread "jar transforms Thread 179" [_thread_blocked, id=984, stack(0x0000000027d70000,0x0000000027e70000)]
  0x000000001f564800 JavaThread "jar transforms Thread 178" [_thread_blocked, id=6100, stack(0x0000000027c70000,0x0000000027d70000)]
  0x000000001f56b800 JavaThread "jar transforms Thread 177" [_thread_blocked, id=4592, stack(0x0000000027b70000,0x0000000027c70000)]
  0x000000001f564000 JavaThread "jar transforms Thread 176" [_thread_blocked, id=3920, stack(0x0000000027a70000,0x0000000027b70000)]
  0x000000001f56a800 JavaThread "jar transforms Thread 175" [_thread_blocked, id=2992, stack(0x0000000027970000,0x0000000027a70000)]
  0x000000001f563000 JavaThread "jar transforms Thread 174" [_thread_blocked, id=9676, stack(0x0000000027870000,0x0000000027970000)]
  0x000000001f567000 JavaThread "jar transforms Thread 173" [_thread_blocked, id=10100, stack(0x0000000027770000,0x0000000027870000)]
  0x000000001f56a000 JavaThread "jar transforms Thread 172" [_thread_blocked, id=1244, stack(0x0000000027670000,0x0000000027770000)]
  0x000000001f562800 JavaThread "jar transforms Thread 171" [_thread_blocked, id=5720, stack(0x0000000027570000,0x0000000027670000)]
  0x000000001f565800 JavaThread "jar transforms Thread 170" [_thread_blocked, id=3084, stack(0x0000000027470000,0x0000000027570000)]
  0x000000001f569000 JavaThread "jar transforms Thread 169" [_thread_blocked, id=3464, stack(0x0000000027370000,0x0000000027470000)]
  0x000000001f566000 JavaThread "jar transforms Thread 168" [_thread_blocked, id=7188, stack(0x0000000027270000,0x0000000027370000)]
  0x000000001f568800 JavaThread "jar transforms Thread 167" [_thread_blocked, id=5020, stack(0x0000000027170000,0x0000000027270000)]
  0x000000001f567800 JavaThread "jar transforms Thread 166" [_thread_blocked, id=8180, stack(0x0000000027070000,0x0000000027170000)]
  0x00000000209c2000 JavaThread "jar transforms Thread 165" [_thread_blocked, id=4080, stack(0x0000000026f70000,0x0000000027070000)]
  0x00000000209c3000 JavaThread "jar transforms Thread 164" [_thread_blocked, id=5640, stack(0x0000000026e70000,0x0000000026f70000)]
  0x00000000209c0000 JavaThread "jar transforms Thread 163" [_thread_blocked, id=1096, stack(0x0000000026d70000,0x0000000026e70000)]
  0x00000000209bc800 JavaThread "jar transforms Thread 162" [_thread_blocked, id=5064, stack(0x0000000026c70000,0x0000000026d70000)]
  0x00000000209c1800 JavaThread "jar transforms Thread 161" [_thread_blocked, id=8144, stack(0x0000000026b70000,0x0000000026c70000)]
  0x00000000209bf000 JavaThread "jar transforms Thread 160" [_thread_blocked, id=2032, stack(0x0000000026a70000,0x0000000026b70000)]
  0x00000000209c3800 JavaThread "jar transforms Thread 159" [_thread_blocked, id=3372, stack(0x0000000026970000,0x0000000026a70000)]
  0x00000000209bb000 JavaThread "jar transforms Thread 158" [_thread_blocked, id=3328, stack(0x0000000026870000,0x0000000026970000)]
  0x00000000209be000 JavaThread "jar transforms Thread 157" [_thread_blocked, id=3096, stack(0x0000000026770000,0x0000000026870000)]
  0x00000000209c0800 JavaThread "jar transforms Thread 156" [_thread_blocked, id=3800, stack(0x0000000026670000,0x0000000026770000)]
  0x00000000209b6800 JavaThread "jar transforms Thread 155" [_thread_blocked, id=9524, stack(0x0000000026570000,0x0000000026670000)]
  0x00000000209b9800 JavaThread "jar transforms Thread 154" [_thread_blocked, id=9724, stack(0x0000000026470000,0x0000000026570000)]
  0x00000000209ba800 JavaThread "jar transforms Thread 153" [_thread_blocked, id=10396, stack(0x0000000026370000,0x0000000026470000)]
  0x00000000209b9000 JavaThread "jar transforms Thread 152" [_thread_blocked, id=1372, stack(0x0000000026270000,0x0000000026370000)]
  0x00000000209bd800 JavaThread "jar transforms Thread 151" [_thread_blocked, id=2888, stack(0x0000000026170000,0x0000000026270000)]
  0x00000000209b5000 JavaThread "jar transforms Thread 150" [_thread_blocked, id=4712, stack(0x0000000026070000,0x0000000026170000)]
  0x00000000209bc000 JavaThread "jar transforms Thread 149" [_thread_blocked, id=10476, stack(0x0000000025f70000,0x0000000026070000)]
  0x00000000209b6000 JavaThread "jar transforms Thread 148" [_thread_blocked, id=4880, stack(0x0000000025e70000,0x0000000025f70000)]
  0x00000000209b7800 JavaThread "jar transforms Thread 147" [_thread_blocked, id=5604, stack(0x0000000025d70000,0x0000000025e70000)]
  0x00000000209b8000 JavaThread "jar transforms Thread 146" [_thread_blocked, id=9568, stack(0x0000000025c70000,0x0000000025d70000)]
  0x00000000209b4800 JavaThread "jar transforms Thread 145" [_thread_blocked, id=10744, stack(0x0000000025b70000,0x0000000025c70000)]
  0x0000000021164800 JavaThread "jar transforms Thread 144" [_thread_blocked, id=9480, stack(0x0000000025a70000,0x0000000025b70000)]
  0x0000000021163800 JavaThread "jar transforms Thread 143" [_thread_blocked, id=7900, stack(0x0000000025970000,0x0000000025a70000)]
  0x0000000021163000 JavaThread "jar transforms Thread 142" [_thread_blocked, id=4428, stack(0x0000000025870000,0x0000000025970000)]
  0x0000000021162000 JavaThread "jar transforms Thread 141" [_thread_blocked, id=2496, stack(0x0000000025770000,0x0000000025870000)]
  0x0000000021160800 JavaThread "jar transforms Thread 140" [_thread_blocked, id=9200, stack(0x0000000025670000,0x0000000025770000)]
  0x0000000021161800 JavaThread "jar transforms Thread 139" [_thread_blocked, id=10768, stack(0x0000000025570000,0x0000000025670000)]
  0x0000000021159000 JavaThread "jar transforms Thread 138" [_thread_blocked, id=1568, stack(0x0000000025470000,0x0000000025570000)]
  0x0000000021160000 JavaThread "jar transforms Thread 137" [_thread_blocked, id=8836, stack(0x0000000025370000,0x0000000025470000)]
  0x000000002115f000 JavaThread "jar transforms Thread 136" [_thread_blocked, id=1900, stack(0x0000000025270000,0x0000000025370000)]
  0x000000002115e800 JavaThread "jar transforms Thread 135" [_thread_blocked, id=2360, stack(0x0000000025170000,0x0000000025270000)]
  0x0000000021156800 JavaThread "jar transforms Thread 134" [_thread_blocked, id=9116, stack(0x0000000025070000,0x0000000025170000)]
  0x000000002115d800 JavaThread "jar transforms Thread 133" [_thread_blocked, id=2848, stack(0x0000000024f70000,0x0000000025070000)]
  0x000000002115c000 JavaThread "jar transforms Thread 132" [_thread_blocked, id=7680, stack(0x0000000024e70000,0x0000000024f70000)]
  0x0000000021158000 JavaThread "jar transforms Thread 131" [_thread_blocked, id=7708, stack(0x0000000024d70000,0x0000000024e70000)]
  0x0000000021157800 JavaThread "jar transforms Thread 130" [_thread_blocked, id=3820, stack(0x0000000024c70000,0x0000000024d70000)]
  0x000000002115b000 JavaThread "jar transforms Thread 129" [_thread_blocked, id=4992, stack(0x0000000024b70000,0x0000000024c70000)]
  0x000000002115d000 JavaThread "jar transforms Thread 128" [_thread_blocked, id=8676, stack(0x0000000024a70000,0x0000000024b70000)]
  0x0000000021159800 JavaThread "jar transforms Thread 127" [_thread_blocked, id=3524, stack(0x0000000024970000,0x0000000024a70000)]
  0x000000002115a800 JavaThread "jar transforms Thread 126" [_thread_blocked, id=924, stack(0x0000000024870000,0x0000000024970000)]
  0x0000000021155000 JavaThread "jar transforms Thread 125" [_thread_blocked, id=4580, stack(0x0000000024770000,0x0000000024870000)]
  0x0000000021156000 JavaThread "jar transforms Thread 124" [_thread_blocked, id=1224, stack(0x0000000024670000,0x0000000024770000)]
  0x000000001bc85800 JavaThread "jar transforms Thread 123" [_thread_blocked, id=4392, stack(0x0000000024570000,0x0000000024670000)]
  0x000000001bc88800 JavaThread "jar transforms Thread 122" [_thread_blocked, id=4040, stack(0x0000000024470000,0x0000000024570000)]
  0x000000001bc8c800 JavaThread "jar transforms Thread 121" [_thread_blocked, id=5852, stack(0x0000000024370000,0x0000000024470000)]
  0x000000001bc88000 JavaThread "jar transforms Thread 120" [_thread_blocked, id=8604, stack(0x0000000024270000,0x0000000024370000)]
  0x000000001bc86800 JavaThread "jar transforms Thread 119" [_thread_blocked, id=5552, stack(0x0000000024170000,0x0000000024270000)]
  0x000000001c0cc800 JavaThread "jar transforms Thread 118" [_thread_blocked, id=8608, stack(0x0000000024070000,0x0000000024170000)]
  0x000000001c0c9000 JavaThread "jar transforms Thread 117" [_thread_blocked, id=8612, stack(0x0000000023f70000,0x0000000024070000)]
  0x000000001c0c9800 JavaThread "jar transforms Thread 116" [_thread_blocked, id=8616, stack(0x0000000023e70000,0x0000000023f70000)]
  0x000000001c0cb000 JavaThread "jar transforms Thread 115" [_thread_blocked, id=8620, stack(0x0000000023d70000,0x0000000023e70000)]
  0x000000001c0ca800 JavaThread "jar transforms Thread 114" [_thread_blocked, id=8168, stack(0x0000000023c70000,0x0000000023d70000)]
  0x000000001c0cc000 JavaThread "jar transforms Thread 113" [_thread_blocked, id=10180, stack(0x0000000023b70000,0x0000000023c70000)]
  0x0000000019fcb800 JavaThread "jar transforms Thread 112" [_thread_blocked, id=2000, stack(0x0000000023a70000,0x0000000023b70000)]
  0x0000000019fcb000 JavaThread "jar transforms Thread 111" [_thread_blocked, id=4180, stack(0x0000000023970000,0x0000000023a70000)]
  0x0000000019fcd000 JavaThread "jar transforms Thread 110" [_thread_blocked, id=3548, stack(0x0000000023870000,0x0000000023970000)]
  0x0000000019fcc800 JavaThread "jar transforms Thread 109" [_thread_blocked, id=2832, stack(0x0000000023770000,0x0000000023870000)]
  0x0000000019fca000 JavaThread "jar transforms Thread 108" [_thread_blocked, id=4036, stack(0x0000000023670000,0x0000000023770000)]
  0x0000000019fc2800 JavaThread "jar transforms Thread 107" [_thread_blocked, id=7888, stack(0x0000000023570000,0x0000000023670000)]
  0x0000000019fc9800 JavaThread "jar transforms Thread 106" [_thread_blocked, id=9152, stack(0x0000000023470000,0x0000000023570000)]
  0x0000000019fc2000 JavaThread "jar transforms Thread 105" [_thread_blocked, id=5864, stack(0x0000000023370000,0x0000000023470000)]
  0x0000000019fc8800 JavaThread "jar transforms Thread 104" [_thread_blocked, id=5608, stack(0x0000000023270000,0x0000000023370000)]
  0x0000000019fc4000 JavaThread "jar transforms Thread 103" [_thread_blocked, id=1452, stack(0x0000000023170000,0x0000000023270000)]
  0x0000000019fc5800 JavaThread "jar transforms Thread 102" [_thread_blocked, id=8472, stack(0x0000000023070000,0x0000000023170000)]
  0x0000000019fc6800 JavaThread "jar transforms Thread 101" [_thread_blocked, id=9256, stack(0x0000000022f70000,0x0000000023070000)]
  0x0000000019fc5000 JavaThread "jar transforms Thread 100" [_thread_blocked, id=2124, stack(0x0000000022e70000,0x0000000022f70000)]
  0x0000000019fc1000 JavaThread "jar transforms Thread 99" [_thread_blocked, id=8112, stack(0x0000000022d70000,0x0000000022e70000)]
  0x0000000019fbf800 JavaThread "jar transforms Thread 98" [_thread_blocked, id=3700, stack(0x0000000022c70000,0x0000000022d70000)]
  0x0000000019fbe000 JavaThread "jar transforms Thread 97" [_thread_blocked, id=3436, stack(0x0000000022b70000,0x0000000022c70000)]
  0x0000000019fc0800 JavaThread "jar transforms Thread 96" [_thread_blocked, id=4860, stack(0x0000000022a70000,0x0000000022b70000)]
  0x000000001a5d2800 JavaThread "jar transforms Thread 95" [_thread_blocked, id=1132, stack(0x0000000022970000,0x0000000022a70000)]
  0x000000001a5cf800 JavaThread "jar transforms Thread 94" [_thread_blocked, id=10452, stack(0x0000000022870000,0x0000000022970000)]
  0x000000001a5cd000 JavaThread "jar transforms Thread 93" [_thread_blocked, id=9704, stack(0x0000000022770000,0x0000000022870000)]
  0x000000001a5d1000 JavaThread "Build operations Thread 4" [_thread_blocked, id=764, stack(0x0000000021f70000,0x0000000022070000)]
  0x000000001a5ce000 JavaThread "Build operations Thread 3" [_thread_blocked, id=1344, stack(0x0000000021770000,0x0000000021870000)]
  0x000000001a5cb800 JavaThread "Build operations Thread 2" [_thread_blocked, id=3340, stack(0x0000000021670000,0x0000000021770000)]
  0x000000001a5ce800 JavaThread "Build operations" [_thread_blocked, id=2812, stack(0x00000000204b0000,0x00000000205b0000)]
  0x000000001a5c4000 JavaThread "Cache worker for cache directory md-rule (C:\Users\Administrator\.gradle\caches\6.5\md-rule)" [_thread_blocked, id=2108, stack(0x00000000200e0000,0x00000000201e0000)]
  0x000000001a5ca000 JavaThread "Cache worker for cache directory md-supplier (C:\Users\Administrator\.gradle\caches\6.5\md-supplier)" [_thread_blocked, id=228, stack(0x000000001d640000,0x000000001d740000)]
  0x000000001a5c7000 JavaThread "Cache worker for checksums cache (C:\Users\Administrator\AndroidStudioProjects\UItest\.gradle\checksums)" [_thread_blocked, id=4520, stack(0x000000001d340000,0x000000001d440000)]
  0x000000001a5c6800 JavaThread "Cache worker for file hash cache (C:\Users\Administrator\AndroidStudioProjects\UItest\.gradle\6.5\fileHashes)" [_thread_blocked, id=4372, stack(0x000000001d240000,0x000000001d340000)]
  0x000000001a5c8000 JavaThread "Thread-192" [_thread_blocked, id=9648, stack(0x000000001d140000,0x000000001d240000)]
  0x000000001a5c8800 JavaThread "Stdin handler" [_thread_blocked, id=11244, stack(0x000000001d040000,0x000000001d140000)]
  0x000000001a5c5800 JavaThread "Asynchronous log dispatcher for DefaultDaemonConnection: socket connection from /127.0.0.1:59133 to /127.0.0.1:59349" [_thread_blocked, id=10916, stack(0x000000001ca60000,0x000000001cb60000)]
  0x000000001a5c5000 JavaThread "Daemon worker Thread 2" [_thread_blocked, id=488, stack(0x000000001c960000,0x000000001ca60000)]
  0x000000001a5c9800 JavaThread "Cancel handler" [_thread_blocked, id=3356, stack(0x0000000003070000,0x0000000003170000)]
  0x000000001a5cb000 JavaThread "Handler for socket connection from /127.0.0.1:59133 to /127.0.0.1:59349" [_thread_in_native, id=4740, stack(0x0000000002c30000,0x0000000002d30000)]
  0x000000001a5c3000 JavaThread "Daemon Thread 2" [_thread_blocked, id=1984, stack(0x0000000001390000,0x0000000001490000)]
  0x0000000019fc3800 JavaThread "Memory manager" [_thread_blocked, id=8084, stack(0x0000000029a50000,0x0000000029b50000)]
  0x000000001bc89800 JavaThread "Cache worker for file content cache (C:\Users\Administrator\.gradle\caches\6.5\fileContent)" [_thread_blocked, id=3744, stack(0x0000000022070000,0x0000000022170000)]
  0x000000001bc8a000 JavaThread "Cache worker for execution history cache (C:\Users\Administrator\.gradle\caches\6.5\executionHistory)" [_thread_blocked, id=8140, stack(0x0000000021870000,0x0000000021970000)]
  0x000000001bc8b800 JavaThread "Cache worker for file hash cache (C:\Users\Administrator\.gradle\caches\6.5\fileHashes)" [_thread_blocked, id=8492, stack(0x000000001dc40000,0x000000001dd40000)]
  0x000000001bc87000 JavaThread "File lock request listener" [_thread_in_native, id=1844, stack(0x000000001db40000,0x000000001dc40000)]
  0x000000001ba33000 JavaThread "Cache worker for journal cache (C:\Users\Administrator\.gradle\caches\journal-1)" [_thread_blocked, id=4872, stack(0x000000001d940000,0x000000001da40000)]
  0x000000001b813800 JavaThread "Daemon periodic checks" [_thread_blocked, id=5104, stack(0x000000001cd40000,0x000000001ce40000)]
  0x000000001b976000 JavaThread "Incoming local TCP Connector on port 59133" [_thread_in_native, id=6232, stack(0x000000001cb60000,0x000000001cc60000)]
  0x000000001b8ce800 JavaThread "Daemon health stats" [_thread_blocked, id=7824, stack(0x000000001c840000,0x000000001c940000)]
  0x000000001941d800 JavaThread "Service Thread" daemon [_thread_blocked, id=10616, stack(0x0000000019ca0000,0x0000000019da0000)]
  0x00000000193af000 JavaThread "C1 CompilerThread2" daemon [_thread_blocked, id=3752, stack(0x0000000019ba0000,0x0000000019ca0000)]
  0x00000000193ab000 JavaThread "C2 CompilerThread1" daemon [_thread_in_vm, id=8436, stack(0x0000000019aa0000,0x0000000019ba0000)]
=>0x000000001804e800 JavaThread "C2 CompilerThread0" daemon [_thread_in_native, id=3012, stack(0x00000000199a0000,0x0000000019aa0000)]
  0x0000000018099000 JavaThread "Attach Listener" daemon [_thread_blocked, id=10140, stack(0x00000000198a0000,0x00000000199a0000)]
  0x00000000193a8800 JavaThread "Signal Dispatcher" daemon [_thread_blocked, id=1880, stack(0x00000000197a0000,0x00000000198a0000)]
  0x000000000341b800 JavaThread "Finalizer" daemon [_thread_blocked, id=8448, stack(0x00000000192a0000,0x00000000193a0000)]
  0x0000000018029000 JavaThread "Reference Handler" daemon [_thread_blocked, id=8672, stack(0x00000000191a0000,0x00000000192a0000)]
  0x0000000003322800 JavaThread "main" [_thread_blocked, id=10900, stack(0x0000000003220000,0x0000000003320000)]

Other Threads:
  0x0000000018007800 VMThread [stack: 0x00000000190a0000,0x00000000191a0000] [id=8748]
  0x0000000019426000 WatcherThread [stack: 0x0000000019da0000,0x0000000019ea0000] [id=8328]

VM state:not at safepoint (normal execution)

VM Mutex/Monitor currently owned by a thread: None

OutOfMemory and StackOverflow Exception counts:
OutOfMemoryError java_heap_errors=2

heap address: 0x0000000080000000, size: 2048 MB, Compressed Oops mode: 32-bit
Narrow klass base: 0x0000000000000000, Narrow klass shift: 3
Compressed class space size: 1073741824 Address: 0x0000000100000000

Heap:
 PSYoungGen      total 647680K, used 176825K [0x00000000d5580000, 0x0000000100000000, 0x0000000100000000)
  eden space 623104K, 28% used [0x00000000d5580000,0x00000000e022e500,0x00000000fb600000)
  from space 24576K, 0% used [0x00000000fb600000,0x00000000fb600000,0x00000000fce00000)
  to   space 39424K, 0% used [0x00000000fd980000,0x00000000fd980000,0x0000000100000000)
 ParOldGen       total 93184K, used 79123K [0x0000000080000000, 0x0000000085b00000, 0x00000000d5580000)
  object space 93184K, 84% used [0x0000000080000000,0x0000000084d44f58,0x0000000085b00000)
 Metaspace       used 93642K, capacity 98602K, committed 99832K, reserved 1136640K
  class space    used 12279K, capacity 13213K, committed 13600K, reserved 1048576K

Card table byte_map: [0x00000000127e0000,0x0000000012bf0000] byte_map_base: 0x00000000123e0000

Marking Bits: (ParMarkBitMap*) 0x000000006ed0f030
 Begin Bits: [0x00000000132a0000, 0x00000000152a0000)
 End Bits:   [0x00000000152a0000, 0x00000000172a0000)

Polling page: 0x0000000000de0000

CodeCache: size=245760Kb used=46955Kb max_used=46981Kb free=198804Kb
 bounds [0x0000000003420000, 0x0000000006240000, 0x0000000012420000]
 total_blobs=15426 nmethods=14546 adapters=790
 compilation: enabled

Compilation events (10 events):
Event: 1083.987 Thread 0x00000000193af000 17545       2       java.io.Bits::getLong (105 bytes)
Event: 1083.988 Thread 0x00000000193af000 nmethod 17545 0x000000000621d8d0 code [0x000000000621da40, 0x000000000621dd10]
Event: 1083.993 Thread 0x00000000193af000 17546 %     2       com.google.common.collect.RegularImmutableMap::fromEntryArray @ 56 (201 bytes)
Event: 1083.994 Thread 0x00000000193af000 nmethod 17546% 0x000000000621ded0 code [0x000000000621e120, 0x000000000621eb28]
Event: 1083.999 Thread 0x00000000193af000 17547       2       com.google.common.collect.AbstractIndexedListIterator::next (31 bytes)
Event: 1084.000 Thread 0x00000000193af000 nmethod 17547 0x000000000621f450 code [0x000000000621f5c0, 0x000000000621f818]
Event: 1084.024 Thread 0x00000000193af000 17548       1       com.android.zipflinger.ZipSourceEntry::prepare (1 bytes)
Event: 1084.024 Thread 0x00000000193af000 nmethod 17548 0x000000000621f910 code [0x000000000621fa60, 0x000000000621fb70]
Event: 1084.108 Thread 0x00000000193ab000 nmethod 17033 0x00000000062283d0 code [0x00000000062289a0, 0x000000000622e308]
Event: 1084.109 Thread 0x00000000193ab000 17549       4       java.util.zip.DeflaterOutputStream::deflate (36 bytes)

GC Heap History (10 events):
Event: 19.731 GC heap before
{Heap before GC invocations=15 (full 3):
 PSYoungGen      total 370688K, used 347648K [0x00000000d5580000, 0x00000000f8180000, 0x0000000100000000)
  eden space 347648K, 100% used [0x00000000d5580000,0x00000000ea900000,0x00000000ea900000)
  from space 23040K, 0% used [0x00000000ea900000,0x00000000ea900000,0x00000000ebf80000)
  to   space 23552K, 0% used [0x00000000f6a80000,0x00000000f6a80000,0x00000000f8180000)
 ParOldGen       total 93184K, used 29470K [0x0000000080000000, 0x0000000085b00000, 0x00000000d5580000)
  object space 93184K, 31% used [0x0000000080000000,0x0000000081cc79b8,0x0000000085b00000)
 Metaspace       used 70111K, capacity 73444K, committed 73688K, reserved 1112064K
  class space    used 9563K, capacity 10209K, committed 10240K, reserved 1048576K
Event: 19.789 GC heap after
Heap after GC invocations=15 (full 3):
 PSYoungGen      total 530432K, used 23532K [0x00000000d5580000, 0x00000000f8180000, 0x0000000100000000)
  eden space 506880K, 0% used [0x00000000d5580000,0x00000000d5580000,0x00000000f4480000)
  from space 23552K, 99% used [0x00000000f6a80000,0x00000000f817b2c0,0x00000000f8180000)
  to   space 29184K, 0% used [0x00000000f4880000,0x00000000f4880000,0x00000000f6500000)
 ParOldGen       total 93184K, used 34821K [0x0000000080000000, 0x0000000085b00000, 0x00000000d5580000)
  object space 93184K, 37% used [0x0000000080000000,0x0000000082201760,0x0000000085b00000)
 Metaspace       used 70111K, capacity 73444K, committed 73688K, reserved 1112064K
  class space    used 9563K, capacity 10209K, committed 10240K, reserved 1048576K
}
Event: 52.060 GC heap before
{Heap before GC invocations=16 (full 3):
 PSYoungGen      total 530432K, used 530412K [0x00000000d5580000, 0x00000000f8180000, 0x0000000100000000)
  eden space 506880K, 100% used [0x00000000d5580000,0x00000000f4480000,0x00000000f4480000)
  from space 23552K, 99% used [0x00000000f6a80000,0x00000000f817b2c0,0x00000000f8180000)
  to   space 29184K, 0% used [0x00000000f4880000,0x00000000f4880000,0x00000000f6500000)
 ParOldGen       total 93184K, used 34821K [0x0000000080000000, 0x0000000085b00000, 0x00000000d5580000)
  object space 93184K, 37% used [0x0000000080000000,0x0000000082201760,0x0000000085b00000)
 Metaspace       used 77005K, capacity 80822K, committed 80984K, reserved 1120256K
  class space    used 10114K, capacity 10822K, committed 10880K, reserved 1048576K
Event: 52.119 GC heap after
Heap after GC invocations=16 (full 3):
 PSYoungGen      total 540160K, used 18947K [0x00000000d5580000, 0x0000000100000000, 0x0000000100000000)
  eden space 510976K, 0% used [0x00000000d5580000,0x00000000d5580000,0x00000000f4880000)
  from space 29184K, 64% used [0x00000000f4880000,0x00000000f5b00e18,0x00000000f6500000)
  to   space 30208K, 0% used [0x00000000fe280000,0x00000000fe280000,0x0000000100000000)
 ParOldGen       total 93184K, used 50081K [0x0000000080000000, 0x0000000085b00000, 0x00000000d5580000)
  object space 93184K, 53% used [0x0000000080000000,0x00000000830e84c8,0x0000000085b00000)
 Metaspace       used 77005K, capacity 80822K, committed 80984K, reserved 1120256K
  class space    used 10114K, capacity 10822K, committed 10880K, reserved 1048576K
}
Event: 1080.250 GC heap before
{Heap before GC invocations=17 (full 3):
 PSYoungGen      total 540160K, used 529923K [0x00000000d5580000, 0x0000000100000000, 0x0000000100000000)
  eden space 510976K, 100% used [0x00000000d5580000,0x00000000f4880000,0x00000000f4880000)
  from space 29184K, 64% used [0x00000000f4880000,0x00000000f5b00e18,0x00000000f6500000)
  to   space 30208K, 0% used [0x00000000fe280000,0x00000000fe280000,0x0000000100000000)
 ParOldGen       total 93184K, used 50081K [0x0000000080000000, 0x0000000085b00000, 0x00000000d5580000)
  object space 93184K, 53% used [0x0000000080000000,0x00000000830e84c8,0x0000000085b00000)
 Metaspace       used 86575K, capacity 91120K, committed 91224K, reserved 1128448K
  class space    used 11313K, capacity 12132K, committed 12160K, reserved 1048576K
Event: 1080.309 GC heap after
Heap after GC invocations=17 (full 3):
 PSYoungGen      total 653312K, used 30198K [0x00000000d5580000, 0x0000000100000000, 0x0000000100000000)
  eden space 623104K, 0% used [0x00000000d5580000,0x00000000d5580000,0x00000000fb600000)
  from space 30208K, 99% used [0x00000000fe280000,0x00000000ffffda70,0x0000000100000000)
  to   space 37888K, 0% used [0x00000000fb600000,0x00000000fb600000,0x00000000fdb00000)
 ParOldGen       total 93184K, used 57854K [0x0000000080000000, 0x0000000085b00000, 0x00000000d5580000)
  object space 93184K, 62% used [0x0000000080000000,0x000000008387f820,0x0000000085b00000)
 Metaspace       used 86575K, capacity 91120K, committed 91224K, reserved 1128448K
  class space    used 11313K, capacity 12132K, committed 12160K, reserved 1048576K
}
Event: 1082.151 GC heap before
{Heap before GC invocations=18 (full 3):
 PSYoungGen      total 653312K, used 155268K [0x00000000d5580000, 0x0000000100000000, 0x0000000100000000)
  eden space 623104K, 20% used [0x00000000d5580000,0x00000000dcfa3798,0x00000000fb600000)
  from space 30208K, 99% used [0x00000000fe280000,0x00000000ffffda70,0x0000000100000000)
  to   space 37888K, 0% used [0x00000000fb600000,0x00000000fb600000,0x00000000fdb00000)
 ParOldGen       total 93184K, used 57854K [0x0000000080000000, 0x0000000085b00000, 0x00000000d5580000)
  object space 93184K, 62% used [0x0000000080000000,0x000000008387f820,0x0000000085b00000)
 Metaspace       used 93485K, capacity 98894K, committed 98936K, reserved 1134592K
  class space    used 12417K, capacity 13451K, committed 13472K, reserved 1048576K
Event: 1082.220 GC heap after
Heap after GC invocations=18 (full 3):
 PSYoungGen      total 647680K, used 24528K [0x00000000d5580000, 0x0000000100000000, 0x0000000100000000)
  eden space 623104K, 0% used [0x00000000d5580000,0x00000000d5580000,0x00000000fb600000)
  from space 24576K, 99% used [0x00000000fb600000,0x00000000fcdf43e0,0x00000000fce00000)
  to   space 39424K, 0% used [0x00000000fd980000,0x00000000fd980000,0x0000000100000000)
 ParOldGen       total 93184K, used 72638K [0x0000000080000000, 0x0000000085b00000, 0x00000000d5580000)
  object space 93184K, 77% used [0x0000000080000000,0x00000000846ef980,0x0000000085b00000)
 Metaspace       used 93485K, capacity 98894K, committed 98936K, reserved 1134592K
  class space    used 12417K, capacity 13451K, committed 13472K, reserved 1048576K
}
Event: 1082.220 GC heap before
{Heap before GC invocations=19 (full 4):
 PSYoungGen      total 647680K, used 24528K [0x00000000d5580000, 0x0000000100000000, 0x0000000100000000)
  eden space 623104K, 0% used [0x00000000d5580000,0x00000000d5580000,0x00000000fb600000)
  from space 24576K, 99% used [0x00000000fb600000,0x00000000fcdf43e0,0x00000000fce00000)
  to   space 39424K, 0% used [0x00000000fd980000,0x00000000fd980000,0x0000000100000000)
 ParOldGen       total 93184K, used 72638K [0x0000000080000000, 0x0000000085b00000, 0x00000000d5580000)
  object space 93184K, 77% used [0x0000000080000000,0x00000000846ef980,0x0000000085b00000)
 Metaspace       used 93485K, capacity 98894K, committed 98936K, reserved 1134592K
  class space    used 12417K, capacity 13451K, committed 13472K, reserved 1048576K
Event: 1082.561 GC heap after
Heap after GC invocations=19 (full 4):
 PSYoungGen      total 647680K, used 0K [0x00000000d5580000, 0x0000000100000000, 0x0000000100000000)
  eden space 623104K, 0% used [0x00000000d5580000,0x00000000d5580000,0x00000000fb600000)
  from space 24576K, 0% used [0x00000000fb600000,0x00000000fb600000,0x00000000fce00000)
  to   space 39424K, 0% used [0x00000000fd980000,0x00000000fd980000,0x0000000100000000)
 ParOldGen       total 93184K, used 79123K [0x0000000080000000, 0x0000000085b00000, 0x00000000d5580000)
  object space 93184K, 84% used [0x0000000080000000,0x0000000084d44f58,0x0000000085b00000)
 Metaspace       used 93031K, capacity 97848K, committed 98936K, reserved 1134592K
  class space    used 12254K, capacity 13160K, committed 13472K, reserved 1048576K
}

Deoptimization events (10 events):
Event: 1083.202 Thread 0x0000000020a3a800 Uncommon trap: reason=array_check action=maybe_recompile pc=0x0000000003a32554 method=java.util.TimSort.binarySort([Ljava/lang/Object;IIILjava/util/Comparator;)V @ 193
Event: 1083.203 Thread 0x0000000020a3a800 Uncommon trap: reason=array_check action=maybe_recompile pc=0x0000000005c898c0 method=java.util.TimSort.binarySort([Ljava/lang/Object;IIILjava/util/Comparator;)V @ 193
Event: 1083.236 Thread 0x0000000020a3b000 Uncommon trap: reason=unstable_if action=reinterpret pc=0x0000000005066c10 method=java.util.TimSort.countRunAndMakeAscending([Ljava/lang/Object;IILjava/util/Comparator;)I @ 27
Event: 1083.363 Thread 0x0000000020a3b000 Uncommon trap: reason=unstable_if action=reinterpret pc=0x00000000048502b8 method=java.util.TimSort.countRunAndMakeAscending([Ljava/lang/Object;IILjava/util/Comparator;)I @ 27
Event: 1083.395 Thread 0x0000000020a3b000 Uncommon trap: reason=null_check action=make_not_entrant pc=0x000000000489b6cc method=com.android.tools.r8.graph.i0.computeEquals(Ljava/lang/Object;)Z @ 1
Event: 1083.395 Thread 0x0000000020a3b000 Uncommon trap: reason=unstable_if action=reinterpret pc=0x0000000004051328 method=java.util.Arrays.equals([Ljava/lang/Object;[Ljava/lang/Object;)Z @ 47
Event: 1083.528 Thread 0x0000000020a3b000 Uncommon trap: reason=unstable_if action=reinterpret pc=0x0000000005dcea64 method=java.util.TimSort.mergeLo(IIII)V @ 381
Event: 1083.550 Thread 0x0000000020a3b000 Uncommon trap: reason=unstable_if action=reinterpret pc=0x0000000003de87ec method=java.util.TimSort.mergeHi(IIII)V @ 568
Event: 1083.972 Thread 0x000000001a5c5000 Uncommon trap: reason=class_check action=maybe_recompile pc=0x0000000004bce894 method=org.gradle.internal.fingerprint.classpath.impl.ClasspathFingerprintingStrategy$ClasspathContentFingerprintingVisitor.visitFile(Lorg/gradle/internal/snapshot/CompleteFile
Event: 1083.991 Thread 0x0000000020a33000 Uncommon trap: reason=predicate action=maybe_recompile pc=0x0000000004192ab4 method=com.google.common.collect.RegularImmutableMap.fromEntryArray(I[Ljava/util/Map$Entry;)Lcom/google/common/collect/ImmutableMap; @ 62

Classes redefined (0 events):
No events

Internal exceptions (10 events):
Event: 1081.636 Thread 0x000000001a5c5000 Exception <a 'java/lang/NoSuchMethodError': <clinit>> (0x00000000d94eea60) thrown at [C:\src\AOSP-openjdk-git\hotspot\src\share\vm\prims\jni.cpp, line 1615]
Event: 1081.738 Thread 0x0000000020a3a800 Exception <a 'sun/nio/fs/WindowsException'> (0x00000000da9f8040) thrown at [C:\src\AOSP-openjdk-git\hotspot\src\share\vm\prims\jni.cpp, line 710]
Event: 1082.565 Thread 0x0000000020a3d800 Implicit null exception at 0x0000000003d2242f to 0x0000000003d22521
Event: 1082.973 Thread 0x0000000020a3a800 Implicit null exception at 0x0000000004357e02 to 0x000000000435a94d
Event: 1083.395 Thread 0x0000000020a3b000 Implicit null exception at 0x000000000489b54f to 0x000000000489b6bd
Event: 1083.906 Thread 0x0000000020a3b000 Exception <a 'sun/nio/fs/WindowsException'> (0x00000000df07c190) thrown at [C:\src\AOSP-openjdk-git\hotspot\src\share\vm\prims\jni.cpp, line 710]
Event: 1084.000 Thread 0x0000000020a33000 Exception <a 'sun/nio/fs/WindowsException'> (0x00000000df5c8838) thrown at [C:\src\AOSP-openjdk-git\hotspot\src\share\vm\prims\jni.cpp, line 710]
Event: 1084.000 Thread 0x0000000020a33000 Exception <a 'sun/nio/fs/WindowsException'> (0x00000000df5c8d50) thrown at [C:\src\AOSP-openjdk-git\hotspot\src\share\vm\prims\jni.cpp, line 710]
Event: 1084.079 Thread 0x0000000020a33000 Exception <a 'java/lang/OutOfMemoryError'> (0x00000000e0218b18) thrown at [C:\src\AOSP-openjdk-git\hotspot\src\share\vm\prims\jni.cpp, line 737]
Event: 1084.079 Thread 0x0000000020a33000 Exception <a 'java/lang/OutOfMemoryError'> (0x00000000e0218f08) thrown at [C:\src\AOSP-openjdk-git\hotspot\src\share\vm\prims\jni.cpp, line 737]

Events (10 events):
Event: 1083.915 Thread 0x0000000020a3d800 Thread exited: 0x0000000020a3d800
Event: 1083.915 Thread 0x0000000020a3b000 Thread exited: 0x0000000020a3b000
Event: 1083.972 Thread 0x000000001a5c5000 Uncommon trap: trap_request=0xffffffde fr.pc=0x0000000004bce894
Event: 1083.972 Thread 0x000000001a5c5000 DEOPT PACKING pc=0x0000000004bce894 sp=0x000000001ca5a990
Event: 1083.972 Thread 0x000000001a5c5000 DEOPT UNPACKING pc=0x000000000346557b sp=0x000000001ca5a970 mode 2
Event: 1083.991 Thread 0x0000000020a33000 Uncommon trap: trap_request=0xffffff86 fr.pc=0x0000000004192ab4
Event: 1083.991 Thread 0x0000000020a33000 DEOPT PACKING pc=0x0000000004192ab4 sp=0x000000002bcde110
Event: 1083.991 Thread 0x0000000020a33000 DEOPT UNPACKING pc=0x000000000346557b sp=0x000000002bcde0b0 mode 2
Event: 1084.002 Executing VM operation: RevokeBias
Event: 1084.003 Executing VM operation: RevokeBias done


Dynamic libraries:
0x00007ff7ccfe0000 - 0x00007ff7cd011000 	C:\Program Files\Android\Android Studio\jre\bin\java.exe
0x00007ffb13070000 - 0x00007ffb13266000 	C:\WINDOWS\SYSTEM32\ntdll.dll
0x00007ffb12a20000 - 0x00007ffb12add000 	C:\WINDOWS\System32\KERNEL32.DLL
0x00007ffb10800000 - 0x00007ffb10ac9000 	C:\WINDOWS\System32\KERNELBASE.dll
0x00007ffb12ae0000 - 0x00007ffb12b8c000 	C:\WINDOWS\System32\ADVAPI32.dll
0x00007ffb11790000 - 0x00007ffb1182e000 	C:\WINDOWS\System32\msvcrt.dll
0x00007ffb112e0000 - 0x00007ffb1137c000 	C:\WINDOWS\System32\sechost.dll
0x00007ffb128f0000 - 0x00007ffb12a1b000 	C:\WINDOWS\System32\RPCRT4.dll
0x00007ffb110d0000 - 0x00007ffb11270000 	C:\WINDOWS\System32\USER32.dll
0x00007ffb110a0000 - 0x00007ffb110c2000 	C:\WINDOWS\System32\win32u.dll
0x00007ffb12b90000 - 0x00007ffb12bba000 	C:\WINDOWS\System32\GDI32.dll
0x00007ffb10b30000 - 0x00007ffb10c39000 	C:\WINDOWS\System32\gdi32full.dll
0x00007ffb10cc0000 - 0x00007ffb10d5d000 	C:\WINDOWS\System32\msvcp_win.dll
0x00007ffb10fa0000 - 0x00007ffb110a0000 	C:\WINDOWS\System32\ucrtbase.dll
0x00007ffafdd90000 - 0x00007ffafe02b000 	C:\WINDOWS\WinSxS\amd64_microsoft.windows.common-controls_6595b64144ccf1df_6.0.19041.488_none_ca04af081b815d21\COMCTL32.dll
0x00007ffb12100000 - 0x00007ffb12130000 	C:\WINDOWS\System32\IMM32.DLL
0x000000006fe20000 - 0x000000006fef2000 	C:\Program Files\Android\Android Studio\jre\jre\bin\msvcr100.dll
0x000000006e540000 - 0x000000006ed8b000 	C:\Program Files\Android\Android Studio\jre\jre\bin\server\jvm.dll
0x00007ffb11a10000 - 0x00007ffb11a18000 	C:\WINDOWS\System32\PSAPI.DLL
0x00007ffaffcd0000 - 0x00007ffaffcf7000 	C:\WINDOWS\SYSTEM32\WINMM.dll
0x00007ffb0efa0000 - 0x00007ffb0efaa000 	C:\WINDOWS\SYSTEM32\VERSION.dll
0x00007ffaeed40000 - 0x00007ffaeed49000 	C:\WINDOWS\SYSTEM32\WSOCK32.dll
0x00007ffb12880000 - 0x00007ffb128eb000 	C:\WINDOWS\System32\WS2_32.dll
0x00007ffb08db0000 - 0x00007ffb08dbf000 	C:\Program Files\Android\Android Studio\jre\jre\bin\verify.dll
0x00007ffaf2ab0000 - 0x00007ffaf2ad9000 	C:\Program Files\Android\Android Studio\jre\jre\bin\java.dll
0x00007ffae21e0000 - 0x00007ffae21f6000 	C:\Program Files\Android\Android Studio\jre\jre\bin\zip.dll
0x00007ffb12130000 - 0x00007ffb12872000 	C:\WINDOWS\System32\SHELL32.dll
0x00007ffb0e800000 - 0x00007ffb0ef95000 	C:\WINDOWS\SYSTEM32\windows.storage.dll
0x00007ffb11d40000 - 0x00007ffb12096000 	C:\WINDOWS\System32\combase.dll
0x00007ffb10220000 - 0x00007ffb1024c000 	C:\WINDOWS\SYSTEM32\Wldp.dll
0x00007ffb11960000 - 0x00007ffb11a0e000 	C:\WINDOWS\System32\SHCORE.dll
0x00007ffb11580000 - 0x00007ffb115d5000 	C:\WINDOWS\System32\shlwapi.dll
0x00007ffb106e0000 - 0x00007ffb10706000 	C:\WINDOWS\SYSTEM32\profapi.dll
0x00007ffae21c0000 - 0x00007ffae21da000 	C:\Program Files\Android\Android Studio\jre\jre\bin\net.dll
0x00007ffb0ffa0000 - 0x00007ffb1000a000 	C:\WINDOWS\system32\mswsock.dll
0x00007ffae21a0000 - 0x00007ffae21b3000 	C:\Program Files\Android\Android Studio\jre\jre\bin\nio.dll
0x00007ffaff180000 - 0x00007ffaff1a7000 	C:\Users\Administrator\.gradle\native\f6784746aeab05261644944871eae4fe03e0ef1612fff0a4a95f87b438bc6780\windows-amd64\native-platform.dll
0x00007ffafc740000 - 0x00007ffafc74d000 	C:\Program Files\Android\Android Studio\jre\jre\bin\management.dll
0x00007ffb10170000 - 0x00007ffb10188000 	C:\WINDOWS\SYSTEM32\CRYPTSP.dll
0x00007ffb0f8c0000 - 0x00007ffb0f8f4000 	C:\WINDOWS\system32\rsaenh.dll
0x00007ffb10e10000 - 0x00007ffb10e37000 	C:\WINDOWS\System32\bcrypt.dll
0x00007ffb106a0000 - 0x00007ffb106ce000 	C:\WINDOWS\SYSTEM32\USERENV.dll
0x00007ffb10c40000 - 0x00007ffb10cc0000 	C:\WINDOWS\System32\bcryptprimitives.dll
0x00007ffb10190000 - 0x00007ffb1019c000 	C:\WINDOWS\SYSTEM32\CRYPTBASE.dll
0x00007ffb0fc40000 - 0x00007ffb0fc7b000 	C:\WINDOWS\SYSTEM32\IPHLPAPI.DLL
0x00007ffb112d0000 - 0x00007ffb112d8000 	C:\WINDOWS\System32\NSI.dll
0x00007ffb09e70000 - 0x00007ffb09e87000 	C:\WINDOWS\SYSTEM32\dhcpcsvc6.DLL
0x00007ffb0a7e0000 - 0x00007ffb0a7fd000 	C:\WINDOWS\SYSTEM32\dhcpcsvc.DLL
0x00007ffb0fc90000 - 0x00007ffb0fd5b000 	C:\WINDOWS\SYSTEM32\DNSAPI.dll
0x00007ffb0b1f0000 - 0x00007ffb0b1fb000 	C:\WINDOWS\SYSTEM32\WINNSI.DLL

VM Arguments:
jvm_args: -Xmx2048m -Dfile.encoding=UTF-8 -Duser.country=KR -Duser.language=ko -Duser.variant 
java_command: org.gradle.launcher.daemon.bootstrap.GradleDaemon 6.5
java_class_path (initial): C:\Users\Administrator\.gradle\wrapper\dists\gradle-6.5-bin\6nifqtx7604sqp1q6g8wikw7p\gradle-6.5\lib\gradle-launcher-6.5.jar
Launcher Type: SUN_STANDARD

Environment Variables:
JAVA_HOME=C:\Program Files\Java\jdk1.8.0_271
PATH=C:\Users\Administrator\AppData\Local\Android\Sdk\tools;C:\Users\Administrator\AppData\Local\Android\Sdk\platform-tools;C:\Program Files (x86)\Intel\iCLS Client\;C:\Program Files\Intel\iCLS Client\;C:\Windows\system32;C:\Windows;C:\Windows\System32\Wbem;C:\Windows\System32\WindowsPowerShell\v1.0\;C:\Program Files (x86)\NVIDIA Corporation\PhysX\Common;C:\Program Files (x86)\Intel\UCRT\;C:\Program Files\Intel\UCRT\;C:\Program Files (x86)\Intel\Intel(R) Management Engine Components\DAL;C:\Program Files\Intel\Intel(R) Management Engine Components\DAL;C:\Program Files (x86)\Intel\Intel(R) Management Engine Components\IPT;C:\Program Files\Intel\Intel(R) Management Engine Components\IPT;C:\Program Files\MySQL\MySQL Server 5.5\bin;C:\WINDOWS\system32;C:\WINDOWS;C:\WINDOWS\System32\Wbem;C:\WINDOWS\System32\WindowsPowerShell\v1.0\;C:\WINDOWS\System32\OpenSSH\;C:\Program Files\MySQL\MySQL Server 8.0\bin;C:\Program Files\MySQL\MySQL Shell 8.0\bin\;C:\Users\Administrator\AppData\Local\Microsoft\WindowsApps;C:\Program Files\Java\jdk1.8.0_271\bin;
USERNAME=Administrator
OS=Windows_NT
PROCESSOR_IDENTIFIER=Intel64 Family 6 Model 94 Stepping 3, GenuineIntel



---------------  S Y S T E M  ---------------

OS: Windows 10.0 , 64 bit Build 19041 (10.0.19041.662)

CPU:total 4 (initial active 4) (2 cores per cpu, 2 threads per core) family 6 model 94 stepping 3, cmov, cx8, fxsr, mmx, sse, sse2, sse3, ssse3, sse4.1, sse4.2, popcnt, avx, avx2, aes, clmul, erms, 3dnowpref, lzcnt, ht, tsc, tscinvbit, bmi1, bmi2, adx

Memory: 4k page, physical 8298580k(1514804k free), swap 8298580k(5144k free)

vm_info: OpenJDK 64-Bit Server VM (25.242-b01) for windows-amd64 JRE (1.8.0_242-release-1644-b01), built by "builder" with MS VC++ 10.0 (VS2010)

time: Mon Jan 11 16:53:01 2021
timezone: 대한민국 표준시
elapsed time: 1084 seconds (0d 0h 18m 4s)

